{"/Users/robbywidyahartono/Documents/research/vite-testing/src/App.tsx": {"path":"/Users/robbywidyahartono/Documents/research/vite-testing/src/App.tsx","all":false,"statementMap":{"0":{"start":{"line":1,"column":0},"end":{"line":1,"column":33}},"1":{"start":{"line":2,"column":0},"end":{"line":2,"column":19}},"2":{"start":{"line":3,"column":0},"end":{"line":3,"column":41}},"3":{"start":{"line":4,"column":0},"end":{"line":4,"column":0}},"4":{"start":{"line":5,"column":0},"end":{"line":5,"column":16}},"5":{"start":{"line":6,"column":0},"end":{"line":6,"column":13}},"6":{"start":{"line":7,"column":0},"end":{"line":7,"column":16}},"7":{"start":{"line":8,"column":0},"end":{"line":8,"column":15}},"8":{"start":{"line":9,"column":0},"end":{"line":9,"column":1}},"9":{"start":{"line":10,"column":0},"end":{"line":10,"column":0}},"10":{"start":{"line":11,"column":0},"end":{"line":11,"column":16}},"11":{"start":{"line":12,"column":0},"end":{"line":12,"column":54}},"12":{"start":{"line":13,"column":0},"end":{"line":13,"column":57}},"13":{"start":{"line":14,"column":0},"end":{"line":14,"column":63}},"14":{"start":{"line":15,"column":0},"end":{"line":15,"column":0}},"15":{"start":{"line":16,"column":0},"end":{"line":16,"column":34}},"16":{"start":{"line":17,"column":0},"end":{"line":17,"column":21}},"17":{"start":{"line":18,"column":0},"end":{"line":18,"column":24}},"18":{"start":{"line":19,"column":0},"end":{"line":19,"column":17}},"19":{"start":{"line":20,"column":0},"end":{"line":20,"column":79}},"20":{"start":{"line":21,"column":0},"end":{"line":21,"column":47}},"21":{"start":{"line":22,"column":0},"end":{"line":22,"column":22}},"22":{"start":{"line":23,"column":0},"end":{"line":23,"column":41}},"23":{"start":{"line":24,"column":0},"end":{"line":24,"column":43}},"24":{"start":{"line":25,"column":0},"end":{"line":25,"column":21}},"25":{"start":{"line":26,"column":0},"end":{"line":26,"column":24}},"26":{"start":{"line":27,"column":0},"end":{"line":27,"column":26}},"27":{"start":{"line":28,"column":0},"end":{"line":28,"column":12}},"28":{"start":{"line":29,"column":0},"end":{"line":29,"column":43}},"29":{"start":{"line":30,"column":0},"end":{"line":30,"column":24}},"30":{"start":{"line":31,"column":0},"end":{"line":31,"column":5}},"31":{"start":{"line":32,"column":0},"end":{"line":32,"column":4}},"32":{"start":{"line":33,"column":0},"end":{"line":33,"column":0}},"33":{"start":{"line":34,"column":0},"end":{"line":34,"column":28}},"34":{"start":{"line":35,"column":0},"end":{"line":35,"column":17}},"35":{"start":{"line":36,"column":0},"end":{"line":36,"column":4}},"36":{"start":{"line":37,"column":0},"end":{"line":37,"column":0}},"37":{"start":{"line":38,"column":0},"end":{"line":38,"column":10}},"38":{"start":{"line":39,"column":0},"end":{"line":39,"column":25}},"39":{"start":{"line":40,"column":0},"end":{"line":40,"column":45}},"40":{"start":{"line":41,"column":0},"end":{"line":41,"column":36}},"41":{"start":{"line":42,"column":0},"end":{"line":42,"column":41}},"42":{"start":{"line":43,"column":0},"end":{"line":43,"column":53}},"43":{"start":{"line":44,"column":0},"end":{"line":44,"column":23}},"44":{"start":{"line":45,"column":0},"end":{"line":45,"column":19}},"45":{"start":{"line":46,"column":0},"end":{"line":46,"column":53}},"46":{"start":{"line":47,"column":0},"end":{"line":47,"column":23}},"47":{"start":{"line":48,"column":0},"end":{"line":48,"column":19}},"48":{"start":{"line":49,"column":0},"end":{"line":49,"column":18}},"49":{"start":{"line":50,"column":0},"end":{"line":50,"column":56}},"50":{"start":{"line":51,"column":0},"end":{"line":51,"column":47}},"51":{"start":{"line":52,"column":0},"end":{"line":52,"column":30}},"52":{"start":{"line":53,"column":0},"end":{"line":53,"column":33}},"53":{"start":{"line":54,"column":0},"end":{"line":54,"column":33}},"54":{"start":{"line":55,"column":0},"end":{"line":55,"column":30}},"55":{"start":{"line":56,"column":0},"end":{"line":56,"column":20}},"56":{"start":{"line":57,"column":0},"end":{"line":57,"column":11}},"57":{"start":{"line":58,"column":0},"end":{"line":58,"column":13}},"58":{"start":{"line":59,"column":0},"end":{"line":59,"column":10}},"59":{"start":{"line":60,"column":0},"end":{"line":60,"column":4}},"60":{"start":{"line":61,"column":0},"end":{"line":61,"column":1}},"61":{"start":{"line":62,"column":0},"end":{"line":62,"column":0}},"62":{"start":{"line":63,"column":0},"end":{"line":63,"column":19}}},"s":{"0":1,"1":1,"2":1,"3":1,"4":1,"5":1,"6":1,"7":1,"8":1,"9":1,"10":8,"11":8,"12":8,"13":8,"14":8,"15":8,"16":2,"17":2,"18":2,"19":2,"20":2,"21":2,"22":1,"23":1,"24":1,"25":1,"26":1,"27":1,"28":1,"29":1,"30":1,"31":2,"32":8,"33":8,"34":1,"35":1,"36":8,"37":8,"38":8,"39":8,"40":8,"41":8,"42":8,"43":8,"44":8,"45":8,"46":8,"47":8,"48":8,"49":8,"50":8,"51":8,"52":8,"53":8,"54":8,"55":8,"56":8,"57":8,"58":8,"59":8,"60":8,"61":8,"62":1},"branchMap":{"0":{"type":"branch","line":11,"loc":{"start":{"line":11,"column":0},"end":{"line":63,"column":15}},"locations":[{"start":{"line":11,"column":0},"end":{"line":63,"column":15}}]},"1":{"type":"branch","line":50,"loc":{"start":{"line":50,"column":9},"end":{"line":50,"column":23}},"locations":[{"start":{"line":50,"column":9},"end":{"line":50,"column":23}}]},"2":{"type":"branch","line":51,"loc":{"start":{"line":51,"column":9},"end":{"line":51,"column":29}},"locations":[{"start":{"line":51,"column":9},"end":{"line":51,"column":29}}]},"3":{"type":"branch","line":16,"loc":{"start":{"line":16,"column":21},"end":{"line":32,"column":4}},"locations":[{"start":{"line":16,"column":21},"end":{"line":32,"column":4}}]},"4":{"type":"branch","line":22,"loc":{"start":{"line":22,"column":21},"end":{"line":31,"column":5}},"locations":[{"start":{"line":22,"column":21},"end":{"line":31,"column":5}}]},"5":{"type":"branch","line":34,"loc":{"start":{"line":34,"column":21},"end":{"line":36,"column":4}},"locations":[{"start":{"line":34,"column":21},"end":{"line":36,"column":4}}]},"6":{"type":"branch","line":52,"loc":{"start":{"line":52,"column":20},"end":{"line":53,"column":24}},"locations":[{"start":{"line":52,"column":20},"end":{"line":53,"column":24}}]}},"b":{"0":[8],"1":[2],"2":[1],"3":[2],"4":[1],"5":[1],"6":[2]},"fnMap":{"0":{"name":"App","decl":{"start":{"line":11,"column":0},"end":{"line":63,"column":15}},"loc":{"start":{"line":11,"column":0},"end":{"line":63,"column":15}},"line":11},"1":{"name":"fetchPosts","decl":{"start":{"line":16,"column":21},"end":{"line":32,"column":4}},"loc":{"start":{"line":16,"column":21},"end":{"line":32,"column":4}},"line":16},"2":{"name":"clearPosts","decl":{"start":{"line":34,"column":21},"end":{"line":36,"column":4}},"loc":{"start":{"line":34,"column":21},"end":{"line":36,"column":4}},"line":34}},"f":{"0":8,"1":2,"2":1}}
,"/Users/robbywidyahartono/Documents/research/vite-testing/src/setup.ts": {"path":"/Users/robbywidyahartono/Documents/research/vite-testing/src/setup.ts","all":false,"statementMap":{"0":{"start":{"line":1,"column":0},"end":{"line":1,"column":22}},"1":{"start":{"line":2,"column":0},"end":{"line":2,"column":35}},"2":{"start":{"line":3,"column":0},"end":{"line":3,"column":56}},"3":{"start":{"line":4,"column":0},"end":{"line":4,"column":40}},"4":{"start":{"line":5,"column":0},"end":{"line":5,"column":0}},"5":{"start":{"line":6,"column":0},"end":{"line":6,"column":64}},"6":{"start":{"line":7,"column":0},"end":{"line":7,"column":31}},"7":{"start":{"line":8,"column":0},"end":{"line":8,"column":40}}},"s":{"0":1,"1":1,"2":1,"3":1,"4":1,"5":1,"6":1,"7":1},"branchMap":{"0":{"type":"branch","line":6,"loc":{"start":{"line":6,"column":10},"end":{"line":6,"column":64}},"locations":[{"start":{"line":6,"column":10},"end":{"line":6,"column":64}}]},"1":{"type":"branch","line":7,"loc":{"start":{"line":7,"column":9},"end":{"line":7,"column":31}},"locations":[{"start":{"line":7,"column":9},"end":{"line":7,"column":31}}]},"2":{"type":"branch","line":8,"loc":{"start":{"line":8,"column":10},"end":{"line":8,"column":40}},"locations":[{"start":{"line":8,"column":10},"end":{"line":8,"column":40}}]}},"b":{"0":[5],"1":[5],"2":[8]},"fnMap":{},"f":{}}
,"/Users/robbywidyahartono/Documents/research/vite-testing/src/components/ColorButton.tsx": {"path":"/Users/robbywidyahartono/Documents/research/vite-testing/src/components/ColorButton.tsx","all":false,"statementMap":{"0":{"start":{"line":1,"column":0},"end":{"line":1,"column":31}},"1":{"start":{"line":2,"column":0},"end":{"line":2,"column":0}},"2":{"start":{"line":3,"column":0},"end":{"line":3,"column":27}},"3":{"start":{"line":4,"column":0},"end":{"line":4,"column":70}},"4":{"start":{"line":5,"column":0},"end":{"line":5,"column":64}},"5":{"start":{"line":6,"column":0},"end":{"line":6,"column":25}},"6":{"start":{"line":7,"column":0},"end":{"line":7,"column":35}},"7":{"start":{"line":8,"column":0},"end":{"line":8,"column":4}},"8":{"start":{"line":9,"column":0},"end":{"line":9,"column":10}},"9":{"start":{"line":10,"column":0},"end":{"line":10,"column":9}},"10":{"start":{"line":11,"column":0},"end":{"line":11,"column":73}},"11":{"start":{"line":12,"column":0},"end":{"line":12,"column":34}},"12":{"start":{"line":13,"column":0},"end":{"line":13,"column":15}},"13":{"start":{"line":14,"column":0},"end":{"line":14,"column":10}},"14":{"start":{"line":15,"column":0},"end":{"line":15,"column":4}},"15":{"start":{"line":16,"column":0},"end":{"line":16,"column":2}},"16":{"start":{"line":17,"column":0},"end":{"line":17,"column":0}},"17":{"start":{"line":18,"column":0},"end":{"line":18,"column":27}}},"s":{"0":1,"1":1,"2":1,"3":2,"4":2,"5":2,"6":1,"7":1,"8":2,"9":2,"10":2,"11":2,"12":2,"13":2,"14":2,"15":2,"16":1,"17":1},"branchMap":{"0":{"type":"branch","line":3,"loc":{"start":{"line":3,"column":20},"end":{"line":16,"column":2}},"locations":[{"start":{"line":3,"column":20},"end":{"line":16,"column":2}}]},"1":{"type":"branch","line":5,"loc":{"start":{"line":5,"column":41},"end":{"line":5,"column":58}},"locations":[{"start":{"line":5,"column":41},"end":{"line":5,"column":58}}]},"2":{"type":"branch","line":5,"loc":{"start":{"line":5,"column":49},"end":{"line":5,"column":64}},"locations":[{"start":{"line":5,"column":49},"end":{"line":5,"column":64}}]},"3":{"type":"branch","line":6,"loc":{"start":{"line":6,"column":18},"end":{"line":8,"column":4}},"locations":[{"start":{"line":6,"column":18},"end":{"line":8,"column":4}}]}},"b":{"0":[2],"1":[1],"2":[1],"3":[1]},"fnMap":{"0":{"name":"ColorButton","decl":{"start":{"line":3,"column":20},"end":{"line":16,"column":2}},"loc":{"start":{"line":3,"column":20},"end":{"line":16,"column":2}},"line":3},"1":{"name":"onClick","decl":{"start":{"line":6,"column":18},"end":{"line":8,"column":4}},"loc":{"start":{"line":6,"column":18},"end":{"line":8,"column":4}},"line":6}},"f":{"0":2,"1":1}}
,"/Users/robbywidyahartono/Documents/research/vite-testing/src/components/Header.tsx": {"path":"/Users/robbywidyahartono/Documents/research/vite-testing/src/components/Header.tsx","all":false,"statementMap":{"0":{"start":{"line":1,"column":0},"end":{"line":1,"column":23}},"1":{"start":{"line":2,"column":0},"end":{"line":2,"column":16}},"2":{"start":{"line":3,"column":0},"end":{"line":3,"column":1}},"3":{"start":{"line":4,"column":0},"end":{"line":4,"column":0}},"4":{"start":{"line":5,"column":0},"end":{"line":5,"column":44}},"5":{"start":{"line":6,"column":0},"end":{"line":6,"column":10}},"6":{"start":{"line":7,"column":0},"end":{"line":7,"column":35}},"7":{"start":{"line":8,"column":0},"end":{"line":8,"column":22}},"8":{"start":{"line":9,"column":0},"end":{"line":9,"column":13}},"9":{"start":{"line":10,"column":0},"end":{"line":10,"column":4}},"10":{"start":{"line":11,"column":0},"end":{"line":11,"column":2}},"11":{"start":{"line":12,"column":0},"end":{"line":12,"column":0}},"12":{"start":{"line":13,"column":0},"end":{"line":13,"column":22}}},"s":{"0":1,"1":1,"2":1,"3":1,"4":1,"5":9,"6":9,"7":9,"8":9,"9":9,"10":9,"11":1,"12":1},"branchMap":{"0":{"type":"branch","line":5,"loc":{"start":{"line":5,"column":16},"end":{"line":11,"column":2}},"locations":[{"start":{"line":5,"column":16},"end":{"line":11,"column":2}}]}},"b":{"0":[9]},"fnMap":{"0":{"name":"Header","decl":{"start":{"line":5,"column":16},"end":{"line":11,"column":2}},"loc":{"start":{"line":5,"column":16},"end":{"line":11,"column":2}},"line":5}},"f":{"0":9}}
,"/Users/robbywidyahartono/Documents/research/vite-testing/src/hooks/useCounter.tsx": {"path":"/Users/robbywidyahartono/Documents/research/vite-testing/src/hooks/useCounter.tsx","all":false,"statementMap":{"0":{"start":{"line":1,"column":0},"end":{"line":1,"column":46}},"1":{"start":{"line":2,"column":0},"end":{"line":2,"column":0}},"2":{"start":{"line":3,"column":0},"end":{"line":3,"column":23}},"3":{"start":{"line":4,"column":0},"end":{"line":4,"column":48}},"4":{"start":{"line":5,"column":0},"end":{"line":5,"column":0}},"5":{"start":{"line":6,"column":0},"end":{"line":6,"column":66}},"6":{"start":{"line":7,"column":0},"end":{"line":7,"column":30}},"7":{"start":{"line":8,"column":0},"end":{"line":8,"column":1}},"8":{"start":{"line":9,"column":0},"end":{"line":9,"column":0}},"9":{"start":{"line":10,"column":0},"end":{"line":10,"column":26}}},"s":{"0":1,"1":1,"2":2,"3":2,"4":2,"5":2,"6":2,"7":2,"8":2,"9":1},"branchMap":{"0":{"type":"branch","line":3,"loc":{"start":{"line":3,"column":0},"end":{"line":10,"column":15}},"locations":[{"start":{"line":3,"column":0},"end":{"line":10,"column":15}}]},"1":{"type":"branch","line":6,"loc":{"start":{"line":6,"column":32},"end":{"line":6,"column":48}},"locations":[{"start":{"line":6,"column":32},"end":{"line":6,"column":48}}]},"2":{"type":"branch","line":6,"loc":{"start":{"line":6,"column":48},"end":{"line":6,"column":61}},"locations":[{"start":{"line":6,"column":48},"end":{"line":6,"column":61}}]}},"b":{"0":[2],"1":[1],"2":[1]},"fnMap":{"0":{"name":"useCounter","decl":{"start":{"line":3,"column":0},"end":{"line":10,"column":15}},"loc":{"start":{"line":3,"column":0},"end":{"line":10,"column":15}},"line":3}},"f":{"0":2}}
,"/Users/robbywidyahartono/Documents/research/vite-testing/src/mocks/errorHandlers.ts": {"path":"/Users/robbywidyahartono/Documents/research/vite-testing/src/mocks/errorHandlers.ts","all":false,"statementMap":{"0":{"start":{"line":1,"column":0},"end":{"line":1,"column":27}},"1":{"start":{"line":2,"column":0},"end":{"line":2,"column":0}},"2":{"start":{"line":3,"column":0},"end":{"line":3,"column":30}},"3":{"start":{"line":4,"column":0},"end":{"line":4,"column":77}},"4":{"start":{"line":5,"column":0},"end":{"line":5,"column":80}},"5":{"start":{"line":6,"column":0},"end":{"line":6,"column":5}},"6":{"start":{"line":7,"column":0},"end":{"line":7,"column":2}}},"s":{"0":1,"1":1,"2":1,"3":1,"4":1,"5":1,"6":1},"branchMap":{"0":{"type":"branch","line":4,"loc":{"start":{"line":4,"column":58},"end":{"line":6,"column":5}},"locations":[{"start":{"line":4,"column":58},"end":{"line":6,"column":5}}]},"1":{"type":"branch","line":7,"loc":{"start":{"line":7,"column":0},"end":{"line":7,"column":2}},"locations":[{"start":{"line":7,"column":0},"end":{"line":7,"column":2}}]}},"b":{"0":[1],"1":[1]},"fnMap":{"0":{"name":"get","decl":{"start":{"line":7,"column":0},"end":{"line":7,"column":2}},"loc":{"start":{"line":7,"column":0},"end":{"line":7,"column":2}},"line":7}},"f":{"0":1}}
,"/Users/robbywidyahartono/Documents/research/vite-testing/src/mocks/handlers.ts": {"path":"/Users/robbywidyahartono/Documents/research/vite-testing/src/mocks/handlers.ts","all":false,"statementMap":{"0":{"start":{"line":1,"column":0},"end":{"line":1,"column":27}},"1":{"start":{"line":2,"column":0},"end":{"line":2,"column":0}},"2":{"start":{"line":3,"column":0},"end":{"line":3,"column":25}},"3":{"start":{"line":4,"column":0},"end":{"line":4,"column":77}},"4":{"start":{"line":5,"column":0},"end":{"line":5,"column":15}},"5":{"start":{"line":6,"column":0},"end":{"line":6,"column":22}},"6":{"start":{"line":7,"column":0},"end":{"line":7,"column":16}},"7":{"start":{"line":8,"column":0},"end":{"line":8,"column":9}},"8":{"start":{"line":9,"column":0},"end":{"line":9,"column":177}},"9":{"start":{"line":10,"column":0},"end":{"line":10,"column":16}},"10":{"start":{"line":11,"column":0},"end":{"line":11,"column":16}},"11":{"start":{"line":12,"column":0},"end":{"line":12,"column":89}},"12":{"start":{"line":13,"column":0},"end":{"line":13,"column":20}},"13":{"start":{"line":14,"column":0},"end":{"line":14,"column":10}},"14":{"start":{"line":15,"column":0},"end":{"line":15,"column":9}},"15":{"start":{"line":16,"column":0},"end":{"line":16,"column":225}},"16":{"start":{"line":17,"column":0},"end":{"line":17,"column":16}},"17":{"start":{"line":18,"column":0},"end":{"line":18,"column":32}},"18":{"start":{"line":19,"column":0},"end":{"line":19,"column":20}},"19":{"start":{"line":20,"column":0},"end":{"line":20,"column":10}},"20":{"start":{"line":21,"column":0},"end":{"line":21,"column":8}},"21":{"start":{"line":22,"column":0},"end":{"line":22,"column":6}},"22":{"start":{"line":23,"column":0},"end":{"line":23,"column":5}},"23":{"start":{"line":24,"column":0},"end":{"line":24,"column":2}}},"s":{"0":1,"1":1,"2":1,"3":1,"4":1,"5":1,"6":1,"7":1,"8":1,"9":1,"10":1,"11":1,"12":1,"13":1,"14":1,"15":1,"16":1,"17":1,"18":1,"19":1,"20":1,"21":1,"22":1,"23":5},"branchMap":{"0":{"type":"branch","line":4,"loc":{"start":{"line":4,"column":58},"end":{"line":23,"column":5}},"locations":[{"start":{"line":4,"column":58},"end":{"line":23,"column":5}}]},"1":{"type":"branch","line":24,"loc":{"start":{"line":24,"column":0},"end":{"line":24,"column":2}},"locations":[{"start":{"line":24,"column":0},"end":{"line":24,"column":2}}]}},"b":{"0":[1],"1":[5]},"fnMap":{"0":{"name":"get","decl":{"start":{"line":24,"column":0},"end":{"line":24,"column":2}},"loc":{"start":{"line":24,"column":0},"end":{"line":24,"column":2}},"line":24}},"f":{"0":5}}
,"/Users/robbywidyahartono/Documents/research/vite-testing/src/mocks/server.ts": {"path":"/Users/robbywidyahartono/Documents/research/vite-testing/src/mocks/server.ts","all":false,"statementMap":{"0":{"start":{"line":1,"column":0},"end":{"line":1,"column":39}},"1":{"start":{"line":2,"column":0},"end":{"line":2,"column":38}},"2":{"start":{"line":3,"column":0},"end":{"line":3,"column":0}},"3":{"start":{"line":4,"column":0},"end":{"line":4,"column":68}},"4":{"start":{"line":5,"column":0},"end":{"line":5,"column":47}}},"s":{"0":1,"1":1,"2":1,"3":1,"4":1},"branchMap":{"0":{"type":"branch","line":5,"loc":{"start":{"line":5,"column":45},"end":{"line":5,"column":47}},"locations":[{"start":{"line":5,"column":45},"end":{"line":5,"column":47}}]}},"b":{"0":[19]},"fnMap":{"0":{"name":"get","decl":{"start":{"line":5,"column":45},"end":{"line":5,"column":47}},"loc":{"start":{"line":5,"column":45},"end":{"line":5,"column":47}},"line":5}},"f":{"0":19}}
,"/Users/robbywidyahartono/Documents/research/vite-testing/src/utils/sum.ts": {"path":"/Users/robbywidyahartono/Documents/research/vite-testing/src/utils/sum.ts","all":false,"statementMap":{"0":{"start":{"line":1,"column":0},"end":{"line":1,"column":46}},"1":{"start":{"line":2,"column":0},"end":{"line":2,"column":8}},"2":{"start":{"line":3,"column":0},"end":{"line":3,"column":16}},"3":{"start":{"line":4,"column":0},"end":{"line":4,"column":13}},"4":{"start":{"line":5,"column":0},"end":{"line":5,"column":3}},"5":{"start":{"line":6,"column":0},"end":{"line":6,"column":15}},"6":{"start":{"line":7,"column":0},"end":{"line":7,"column":2}},"7":{"start":{"line":8,"column":0},"end":{"line":8,"column":0}},"8":{"start":{"line":9,"column":0},"end":{"line":9,"column":49}},"9":{"start":{"line":10,"column":0},"end":{"line":10,"column":18}},"10":{"start":{"line":11,"column":0},"end":{"line":11,"column":5}},"11":{"start":{"line":12,"column":0},"end":{"line":12,"column":0}},"12":{"start":{"line":13,"column":0},"end":{"line":13,"column":50}},"13":{"start":{"line":14,"column":0},"end":{"line":14,"column":18}},"14":{"start":{"line":15,"column":0},"end":{"line":15,"column":5}},"15":{"start":{"line":16,"column":0},"end":{"line":16,"column":0}},"16":{"start":{"line":17,"column":0},"end":{"line":17,"column":52}}},"s":{"0":1,"1":2,"2":2,"3":1,"4":1,"5":1,"6":2,"7":1,"8":1,"9":1,"10":1,"11":1,"12":1,"13":1,"14":1,"15":1,"16":1},"branchMap":{"0":{"type":"branch","line":1,"loc":{"start":{"line":1,"column":45},"end":{"line":7,"column":2}},"locations":[{"start":{"line":1,"column":45},"end":{"line":7,"column":2}}]},"1":{"type":"branch","line":3,"loc":{"start":{"line":3,"column":15},"end":{"line":7,"column":2}},"locations":[{"start":{"line":3,"column":15},"end":{"line":7,"column":2}}]},"2":{"type":"branch","line":7,"loc":{"start":{"line":7,"column":0},"end":{"line":7,"column":2}},"locations":[{"start":{"line":7,"column":0},"end":{"line":7,"column":2}}]}},"b":{"0":[2],"1":[1],"2":[2]},"fnMap":{"0":{"name":"sum","decl":{"start":{"line":1,"column":45},"end":{"line":7,"column":2}},"loc":{"start":{"line":1,"column":45},"end":{"line":7,"column":2}},"line":1},"1":{"name":"get","decl":{"start":{"line":7,"column":0},"end":{"line":7,"column":2}},"loc":{"start":{"line":7,"column":0},"end":{"line":7,"column":2}},"line":7}},"f":{"0":2,"1":2}}
}
